-encoding
UTF-8
-outxml
-source
1.8
-target
1.8
-classpath
C:\Users\Nipun Gupta\.m2\repository\org\springframework\spring-core\4.1.6.RELEASE\spring-core-4.1.6.RELEASE.jar;C:\Users\Nipun Gupta\.m2\repository\org\springframework\spring-test\4.1.6.RELEASE\spring-test-4.1.6.RELEASE.jar;C:\Users\Nipun Gupta\.m2\repository\org\springframework\spring-context\4.1.6.RELEASE\spring-context-4.1.6.RELEASE.jar;C:\Users\Nipun Gupta\.m2\repository\org\springframework\spring-context-support\4.1.6.RELEASE\spring-context-support-4.1.6.RELEASE.jar;C:\Users\Nipun Gupta\.m2\repository\org\springframework\spring-aop\4.1.6.RELEASE\spring-aop-4.1.6.RELEASE.jar;C:\Users\Nipun Gupta\.m2\repository\org\springframework\spring-tx\4.1.6.RELEASE\spring-tx-4.1.6.RELEASE.jar;C:\Users\Nipun Gupta\.m2\repository\org\springframework\spring-aspects\4.1.6.RELEASE\spring-aspects-4.1.6.RELEASE.jar;C:\Users\Nipun Gupta\.m2\repository\org\springframework\spring-webmvc\4.1.6.RELEASE\spring-webmvc-4.1.6.RELEASE.jar;C:\Users\Nipun Gupta\.m2\repository\org\springframework\roo\org.springframework.roo.annotations\1.3.1.RELEASE\org.springframework.roo.annotations-1.3.1.RELEASE.jar;C:\Users\Nipun Gupta\.m2\repository\log4j\log4j\1.2.17\log4j-1.2.17.jar;C:\Users\Nipun Gupta\.m2\repository\org\slf4j\slf4j-api\1.7.5\slf4j-api-1.7.5.jar;C:\Users\Nipun Gupta\.m2\repository\org\slf4j\jcl-over-slf4j\1.7.5\jcl-over-slf4j-1.7.5.jar;C:\Users\Nipun Gupta\.m2\repository\org\slf4j\slf4j-log4j12\1.7.5\slf4j-log4j12-1.7.5.jar;C:\Users\Nipun Gupta\.m2\repository\com\fasterxml\jackson\core\jackson-core\2.5.3\jackson-core-2.5.3.jar;C:\Users\Nipun Gupta\.m2\repository\com\fasterxml\jackson\core\jackson-databind\2.5.3\jackson-databind-2.5.3.jar;C:\Users\Nipun Gupta\.m2\repository\com\fasterxml\jackson\core\jackson-annotations\2.5.3\jackson-annotations-2.5.3.jar;C:\Users\Nipun Gupta\.m2\repository\com\jayway\jsonpath\json-path\2.0.0\json-path-2.0.0.jar;C:\Users\Nipun Gupta\.m2\repository\net\sf\flexjson\flexjson\2.1\flexjson-2.1.jar;C:\Users\Nipun Gupta\.m2\repository\org\aspectj\aspectjrt\1.8.1\aspectjrt-1.8.1.jar;C:\Users\Nipun Gupta\.m2\repository\org\aspectj\aspectjweaver\1.8.1\aspectjweaver-1.8.1.jar;C:\Users\Nipun Gupta\.m2\repository\javax\cache\cache-api\1.0.0\cache-api-1.0.0.jar;C:\Users\Nipun Gupta\.m2\repository\javax\persistence\persistence-api\1.0\persistence-api-1.0.jar;C:\Users\Nipun Gupta\.m2\repository\javax\validation\validation-api\1.0.0.GA\validation-api-1.0.0.GA.jar;C:\Users\Nipun Gupta\.m2\repository\org\hibernate\hibernate-validator\4.2.0.Final\hibernate-validator-4.2.0.Final.jar;C:\Users\Nipun Gupta\.m2\repository\org\cloudfoundry\cloudfoundry-runtime\0.8.0\cloudfoundry-runtime-0.8.0.jar;C:\Users\Nipun Gupta\.m2\repository\org\mongodb\mongo-java-driver\2.10.1\mongo-java-driver-2.10.1.jar;C:\Users\Nipun Gupta\.m2\repository\org\springframework\data\spring-data-mongodb\1.3.3.RELEASE\spring-data-mongodb-1.3.3.RELEASE.jar;C:\Users\Nipun Gupta\.m2\repository\junit\junit\4.11\junit-4.11.jar;C:\Users\Nipun Gupta\.m2\repository\org\springframework\spring-beans\4.1.6.RELEASE\spring-beans-4.1.6.RELEASE.jar;C:\Users\Nipun Gupta\.m2\repository\org\springframework\spring-expression\4.1.6.RELEASE\spring-expression-4.1.6.RELEASE.jar;C:\Users\Nipun Gupta\.m2\repository\aopalliance\aopalliance\1.0\aopalliance-1.0.jar;C:\Users\Nipun Gupta\.m2\repository\org\springframework\spring-web\4.1.6.RELEASE\spring-web-4.1.6.RELEASE.jar;C:\Users\Nipun Gupta\.m2\repository\org\apache\commons\commons-lang3\3.1\commons-lang3-3.1.jar;C:\Users\Nipun Gupta\.m2\repository\commons-io\commons-io\2.4\commons-io-2.4.jar;C:\Users\Nipun Gupta\.m2\repository\commons-codec\commons-codec\1.8\commons-codec-1.8.jar;C:\Users\Nipun Gupta\.m2\repository\net\minidev\json-smart\2.1.1\json-smart-2.1.1.jar;C:\Users\Nipun Gupta\.m2\repository\net\minidev\asm\1.0.2\asm-1.0.2.jar;C:\Users\Nipun Gupta\.m2\repository\asm\asm\3.3.1\asm-3.3.1.jar;C:\Users\Nipun Gupta\.m2\repository\org\springframework\data\spring-data-commons\1.6.3.RELEASE\spring-data-commons-1.6.3.RELEASE.jar;G:\Eclipse Workspace\MAVI\target\classes
-aspectpath
C:\Users\Nipun Gupta\.m2\repository\org\springframework\spring-aspects\4.1.6.RELEASE\spring-aspects-4.1.6.RELEASE.jar
-d
G:\Eclipse Workspace\MAVI\target\classes
G:\Eclipse Workspace\MAVI\src\main\java\iitd\assistech\mavi\Application.java
G:\Eclipse Workspace\MAVI\src\main\java\iitd\assistech\mavi\Controller.java
G:\Eclipse Workspace\MAVI\src\main\java\iitd\assistech\mavi\domain\Location.java
G:\Eclipse Workspace\MAVI\src\main\java\iitd\assistech\mavi\domain\Location_Roo_JavaBean.aj
G:\Eclipse Workspace\MAVI\src\main\java\iitd\assistech\mavi\domain\Location_Roo_Json.aj
G:\Eclipse Workspace\MAVI\src\main\java\iitd\assistech\mavi\domain\Location_Roo_ToString.aj
G:\Eclipse Workspace\MAVI\src\main\java\iitd\assistech\mavi\domain\SignBoard.java
G:\Eclipse Workspace\MAVI\src\main\java\iitd\assistech\mavi\domain\SignBoard_Roo_JavaBean.aj
G:\Eclipse Workspace\MAVI\src\main\java\iitd\assistech\mavi\domain\SignBoard_Roo_Json.aj
G:\Eclipse Workspace\MAVI\src\main\java\iitd\assistech\mavi\domain\SignBoard_Roo_ToString.aj
G:\Eclipse Workspace\MAVI\src\main\java\iitd\assistech\mavi\event\CreateEvent.java
G:\Eclipse Workspace\MAVI\src\main\java\iitd\assistech\mavi\event\Event.java
G:\Eclipse Workspace\MAVI\src\main\java\iitd\assistech\mavi\processor\MessageProcessor.java
G:\Eclipse Workspace\MAVI\src\main\java\iitd\assistech\mavi\utility\JsonPath.java
G:\Eclipse Workspace\MAVI\src\main\java\iitd\assistech\mavi\utility\JsonUtil.java
