2016-04-01 05:34:39,876 [main] INFO org.springframework.context.support.ClassPathXmlApplicationContext - Refreshing org.springframework.context.support.ClassPathXmlApplicationContext@6996db8: startup date [Fri Apr 01 05:34:39 IST 2016]; root of context hierarchy
2016-04-01 05:34:40,061 [main] INFO org.springframework.beans.factory.xml.XmlBeanDefinitionReader - Loading XML bean definitions from URL [file:/G:/Eclipse%20Workspace/MAVI/target/classes/META-INF/spring/applicationContext.xml]
2016-04-01 05:34:41,271 [main] INFO org.springframework.context.support.PropertySourcesPlaceholderConfigurer - Loading properties file from file [G:\Eclipse Workspace\MAVI\target\classes\META-INF\spring\database.properties]
2016-04-01 05:38:59,477 [main] INFO org.springframework.context.support.ClassPathXmlApplicationContext - Refreshing org.springframework.context.support.ClassPathXmlApplicationContext@6996db8: startup date [Fri Apr 01 05:38:59 IST 2016]; root of context hierarchy
2016-04-01 05:38:59,657 [main] INFO org.springframework.beans.factory.xml.XmlBeanDefinitionReader - Loading XML bean definitions from URL [file:/G:/Eclipse%20Workspace/MAVI/target/classes/META-INF/spring/applicationContext.xml]
2016-04-01 05:39:00,708 [main] INFO org.springframework.context.support.PropertySourcesPlaceholderConfigurer - Loading properties file from file [G:\Eclipse Workspace\MAVI\target\classes\META-INF\spring\database.properties]
2016-04-01 05:53:53,698 [main] INFO org.springframework.context.support.ClassPathXmlApplicationContext - Refreshing org.springframework.context.support.ClassPathXmlApplicationContext@6996db8: startup date [Fri Apr 01 05:53:53 IST 2016]; root of context hierarchy
2016-04-01 05:53:53,882 [main] INFO org.springframework.beans.factory.xml.XmlBeanDefinitionReader - Loading XML bean definitions from URL [file:/G:/Eclipse%20Workspace/MAVI/target/classes/META-INF/spring/applicationContext.xml]
2016-04-01 05:53:55,119 [main] INFO org.springframework.context.support.PropertySourcesPlaceholderConfigurer - Loading properties file from file [G:\Eclipse Workspace\MAVI\target\classes\META-INF\spring\database.properties]
2016-04-01 05:58:57,178 [main] INFO org.springframework.context.support.ClassPathXmlApplicationContext - Refreshing org.springframework.context.support.ClassPathXmlApplicationContext@6996db8: startup date [Fri Apr 01 05:58:57 IST 2016]; root of context hierarchy
2016-04-01 05:58:57,377 [main] INFO org.springframework.beans.factory.xml.XmlBeanDefinitionReader - Loading XML bean definitions from URL [file:/G:/Eclipse%20Workspace/MAVI/target/classes/META-INF/spring/applicationContext.xml]
2016-04-01 05:58:58,449 [main] INFO org.springframework.context.support.PropertySourcesPlaceholderConfigurer - Loading properties file from file [G:\Eclipse Workspace\MAVI\target\classes\META-INF\spring\database.properties]
2016-04-01 06:14:56,835 [main] INFO org.springframework.context.support.ClassPathXmlApplicationContext - Refreshing org.springframework.context.support.ClassPathXmlApplicationContext@6996db8: startup date [Fri Apr 01 06:14:56 IST 2016]; root of context hierarchy
2016-04-01 06:14:57,030 [main] INFO org.springframework.beans.factory.xml.XmlBeanDefinitionReader - Loading XML bean definitions from URL [file:/G:/Eclipse%20Workspace/MAVI/target/classes/META-INF/spring/applicationContext.xml]
2016-04-01 06:14:57,981 [main] INFO org.springframework.context.support.PropertySourcesPlaceholderConfigurer - Loading properties file from file [G:\Eclipse Workspace\MAVI\target\classes\META-INF\spring\database.properties]
2016-04-01 06:16:23,466 [main] INFO org.springframework.context.support.ClassPathXmlApplicationContext - Refreshing org.springframework.context.support.ClassPathXmlApplicationContext@6996db8: startup date [Fri Apr 01 06:16:23 IST 2016]; root of context hierarchy
2016-04-01 06:16:23,583 [main] INFO org.springframework.beans.factory.xml.XmlBeanDefinitionReader - Loading XML bean definitions from URL [file:/G:/Eclipse%20Workspace/MAVI/target/classes/META-INF/spring/applicationContext.xml]
2016-04-01 06:16:24,271 [main] INFO org.springframework.context.support.PropertySourcesPlaceholderConfigurer - Loading properties file from file [G:\Eclipse Workspace\MAVI\target\classes\META-INF\spring\database.properties]
2016-04-01 06:29:40,147 [main] INFO org.springframework.context.support.ClassPathXmlApplicationContext - Refreshing org.springframework.context.support.ClassPathXmlApplicationContext@6996db8: startup date [Fri Apr 01 06:29:40 IST 2016]; root of context hierarchy
2016-04-01 06:29:40,283 [main] INFO org.springframework.beans.factory.xml.XmlBeanDefinitionReader - Loading XML bean definitions from URL [file:/G:/Eclipse%20Workspace/MAVI/target/classes/META-INF/spring/applicationContext.xml]
2016-04-01 06:29:41,048 [main] INFO org.springframework.context.support.PropertySourcesPlaceholderConfigurer - Loading properties file from file [G:\Eclipse Workspace\MAVI\target\classes\META-INF\spring\database.properties]
2016-04-01 06:46:45,022 [main] INFO org.springframework.context.support.ClassPathXmlApplicationContext - Refreshing org.springframework.context.support.ClassPathXmlApplicationContext@6996db8: startup date [Fri Apr 01 06:46:45 IST 2016]; root of context hierarchy
2016-04-01 06:46:45,183 [main] INFO org.springframework.beans.factory.xml.XmlBeanDefinitionReader - Loading XML bean definitions from URL [file:/G:/Eclipse%20Workspace/MAVI/target/classes/META-INF/spring/applicationContext.xml]
2016-04-01 06:46:45,903 [main] INFO org.springframework.context.support.PropertySourcesPlaceholderConfigurer - Loading properties file from file [G:\Eclipse Workspace\MAVI\target\classes\META-INF\spring\database.properties]
2016-04-01 06:47:55,742 [main] INFO org.springframework.context.support.ClassPathXmlApplicationContext - Refreshing org.springframework.context.support.ClassPathXmlApplicationContext@6996db8: startup date [Fri Apr 01 06:47:55 IST 2016]; root of context hierarchy
2016-04-01 06:47:55,913 [main] INFO org.springframework.beans.factory.xml.XmlBeanDefinitionReader - Loading XML bean definitions from URL [file:/G:/Eclipse%20Workspace/MAVI/target/classes/META-INF/spring/applicationContext.xml]
2016-04-01 06:47:56,756 [main] INFO org.springframework.context.support.PropertySourcesPlaceholderConfigurer - Loading properties file from file [G:\Eclipse Workspace\MAVI\target\classes\META-INF\spring\database.properties]
2016-04-01 06:50:43,768 [main] INFO org.springframework.context.support.ClassPathXmlApplicationContext - Refreshing org.springframework.context.support.ClassPathXmlApplicationContext@6996db8: startup date [Fri Apr 01 06:50:43 IST 2016]; root of context hierarchy
2016-04-01 06:50:43,951 [main] INFO org.springframework.beans.factory.xml.XmlBeanDefinitionReader - Loading XML bean definitions from URL [file:/G:/Eclipse%20Workspace/MAVI/target/classes/META-INF/spring/applicationContext.xml]
2016-04-01 06:50:44,721 [main] INFO org.springframework.beans.factory.xml.XmlBeanDefinitionReader - Loading XML bean definitions from URL [file:/G:/Eclipse%20Workspace/MAVI/target/classes/META-INF/spring/applicationContext-mongo.xml]
2016-04-01 06:50:45,283 [main] INFO org.springframework.context.support.PropertySourcesPlaceholderConfigurer - Loading properties file from file [G:\Eclipse Workspace\MAVI\target\classes\META-INF\spring\database.properties]
2016-04-01 06:50:47,803 [main] INFO org.springframework.context.support.ClassPathXmlApplicationContext - Closing org.springframework.context.support.ClassPathXmlApplicationContext@6996db8: startup date [Fri Apr 01 06:50:43 IST 2016]; root of context hierarchy
2016-04-01 06:56:05,255 [main] INFO org.springframework.context.support.ClassPathXmlApplicationContext - Refreshing org.springframework.context.support.ClassPathXmlApplicationContext@6996db8: startup date [Fri Apr 01 06:56:05 IST 2016]; root of context hierarchy
2016-04-01 06:56:05,441 [main] INFO org.springframework.beans.factory.xml.XmlBeanDefinitionReader - Loading XML bean definitions from URL [file:/G:/Eclipse%20Workspace/MAVI/target/classes/META-INF/spring/applicationContext.xml]
2016-04-01 06:56:06,033 [main] INFO org.springframework.beans.factory.xml.XmlBeanDefinitionReader - Loading XML bean definitions from URL [file:/G:/Eclipse%20Workspace/MAVI/target/classes/META-INF/spring/applicationContext-mongo.xml]
2016-04-01 06:56:06,480 [main] INFO org.springframework.context.support.PropertySourcesPlaceholderConfigurer - Loading properties file from file [G:\Eclipse Workspace\MAVI\target\classes\META-INF\spring\database.properties]
2016-04-01 06:56:07,780 [main] INFO org.springframework.context.support.ClassPathXmlApplicationContext - Closing org.springframework.context.support.ClassPathXmlApplicationContext@6996db8: startup date [Fri Apr 01 06:56:05 IST 2016]; root of context hierarchy
2016-04-01 06:57:43,769 [main] INFO org.springframework.context.support.ClassPathXmlApplicationContext - Refreshing org.springframework.context.support.ClassPathXmlApplicationContext@6996db8: startup date [Fri Apr 01 06:57:43 IST 2016]; root of context hierarchy
2016-04-01 06:57:43,972 [main] INFO org.springframework.beans.factory.xml.XmlBeanDefinitionReader - Loading XML bean definitions from URL [file:/G:/Eclipse%20Workspace/MAVI/target/classes/META-INF/spring/applicationContext.xml]
2016-04-01 06:57:44,702 [main] INFO org.springframework.beans.factory.xml.XmlBeanDefinitionReader - Loading XML bean definitions from URL [file:/G:/Eclipse%20Workspace/MAVI/target/classes/META-INF/spring/applicationContext-mongo.xml]
2016-04-01 06:57:45,142 [main] INFO org.springframework.context.support.PropertySourcesPlaceholderConfigurer - Loading properties file from file [G:\Eclipse Workspace\MAVI\target\classes\META-INF\spring\database.properties]
2016-04-01 06:57:47,494 [main] INFO org.springframework.context.support.ClassPathXmlApplicationContext - Closing org.springframework.context.support.ClassPathXmlApplicationContext@6996db8: startup date [Fri Apr 01 06:57:43 IST 2016]; root of context hierarchy
2016-04-08 07:01:45,799 [main] INFO org.springframework.context.support.ClassPathXmlApplicationContext - Refreshing org.springframework.context.support.ClassPathXmlApplicationContext@6996db8: startup date [Fri Apr 08 07:01:45 IST 2016]; root of context hierarchy
2016-04-08 07:01:46,113 [main] INFO org.springframework.beans.factory.xml.XmlBeanDefinitionReader - Loading XML bean definitions from URL [file:/G:/Eclipse%20Workspace/MAVI/target/classes/META-INF/spring/applicationContext.xml]
2016-04-08 07:01:47,278 [main] INFO org.springframework.beans.factory.xml.XmlBeanDefinitionReader - Loading XML bean definitions from URL [file:/G:/Eclipse%20Workspace/MAVI/target/classes/META-INF/spring/applicationContext-mongo.xml]
2016-04-08 07:01:48,119 [main] INFO org.springframework.context.support.PropertySourcesPlaceholderConfigurer - Loading properties file from file [G:\Eclipse Workspace\MAVI\target\classes\META-INF\spring\database.properties]
2016-04-08 07:01:49,816 [main] INFO org.springframework.context.support.ClassPathXmlApplicationContext - Closing org.springframework.context.support.ClassPathXmlApplicationContext@6996db8: startup date [Fri Apr 08 07:01:45 IST 2016]; root of context hierarchy
2016-04-08 07:02:58,718 [main] INFO org.springframework.context.support.ClassPathXmlApplicationContext - Refreshing org.springframework.context.support.ClassPathXmlApplicationContext@6996db8: startup date [Fri Apr 08 07:02:58 IST 2016]; root of context hierarchy
2016-04-08 07:02:58,848 [main] INFO org.springframework.beans.factory.xml.XmlBeanDefinitionReader - Loading XML bean definitions from URL [file:/G:/Eclipse%20Workspace/MAVI/target/classes/META-INF/spring/applicationContext.xml]
2016-04-08 07:02:59,399 [main] INFO org.springframework.beans.factory.xml.XmlBeanDefinitionReader - Loading XML bean definitions from URL [file:/G:/Eclipse%20Workspace/MAVI/target/classes/META-INF/spring/applicationContext-mongo.xml]
2016-04-08 07:02:59,777 [main] INFO org.springframework.context.support.PropertySourcesPlaceholderConfigurer - Loading properties file from file [G:\Eclipse Workspace\MAVI\target\classes\META-INF\spring\database.properties]
2016-04-08 07:04:36,201 [main] INFO org.springframework.context.support.ClassPathXmlApplicationContext - Refreshing org.springframework.context.support.ClassPathXmlApplicationContext@6996db8: startup date [Fri Apr 08 07:04:36 IST 2016]; root of context hierarchy
2016-04-08 07:04:36,402 [main] INFO org.springframework.beans.factory.xml.XmlBeanDefinitionReader - Loading XML bean definitions from URL [file:/G:/Eclipse%20Workspace/MAVI/target/classes/META-INF/spring/applicationContext.xml]
2016-04-08 07:04:37,384 [main] INFO org.springframework.beans.factory.xml.XmlBeanDefinitionReader - Loading XML bean definitions from URL [file:/G:/Eclipse%20Workspace/MAVI/target/classes/META-INF/spring/applicationContext-mongo.xml]
2016-04-08 07:04:37,877 [main] INFO org.springframework.context.support.PropertySourcesPlaceholderConfigurer - Loading properties file from file [G:\Eclipse Workspace\MAVI\target\classes\META-INF\spring\database.properties]
2016-04-08 07:04:39,525 [main] INFO org.springframework.context.support.ClassPathXmlApplicationContext - Closing org.springframework.context.support.ClassPathXmlApplicationContext@6996db8: startup date [Fri Apr 08 07:04:36 IST 2016]; root of context hierarchy
